0 info it worked if it ends with ok
1 verbose cli [ 'W:\\git-luna\\jarvis-core\\jarvis-nodejs\\node\\node',
1 verbose cli   'W:\\git-luna\\jarvis-core\\jarvis-nodejs\\node\\npm\\bin\\npm-cli.js',
1 verbose cli   'install',
1 verbose cli   '--color=false' ]
2 info using npm@2.1.7
3 info using node@v0.10.33
4 verbose node symlink W:\git-luna\jarvis-core\jarvis-nodejs\node\node
5 error install Couldn't read dependencies
6 verbose stack Error: ENOENT, open 'W:\git-luna\jarvis-core\jarvis-nodejs\package.json'
7 verbose cwd W:\git-luna\jarvis-core\jarvis-nodejs
8 error Windows_NT 6.1.7601
9 error argv "W:\\git-luna\\jarvis-core\\jarvis-nodejs\\node\\node" "W:\\git-luna\\jarvis-core\\jarvis-nodejs\\node\\npm\\bin\\npm-cli.js" "install" "--color=false"
10 error node v0.10.33
11 error npm  v2.1.7
12 error path W:\git-luna\jarvis-core\jarvis-nodejs\package.json
13 error code ENOPACKAGEJSON
14 error errno 34
15 error package.json ENOENT, open 'W:\git-luna\jarvis-core\jarvis-nodejs\package.json'
15 error package.json This is most likely not a problem with npm itself.
15 error package.json npm can't find a package.json file in your current directory.
16 verbose exit [ 34, true ]
