22:48:26.154 [main] INFO  org.bujo.core.JarvisCoreServer - Classpath /Y:/neon/git/jarvis/jarvis-core/jarvis-bullet-journal/target/classes/
22:48:26.156 [main] INFO  org.bujo.core.JarvisCoreServer - Classpath /Y:/neon/git/jarvis/jarvis-core/jarvis-common-security/target/classes/
22:48:26.156 [main] INFO  org.bujo.core.JarvisCoreServer - Classpath /Y:/neon/git/jarvis/jarvis-core/jarvis-rest-client/target/classes/
22:48:26.157 [main] INFO  org.bujo.core.JarvisCoreServer - Classpath /C:/Users/kazoar/.m2/repository/org/apache/httpcomponents/httpclient/4.5.1/httpclient-4.5.1.jar
22:48:26.157 [main] INFO  org.bujo.core.JarvisCoreServer - Classpath /C:/Users/kazoar/.m2/repository/org/apache/httpcomponents/httpcore/4.4.3/httpcore-4.4.3.jar
22:48:26.258 [main] INFO  org.bujo.core.JarvisCoreServer - Classpath /C:/Users/kazoar/.m2/repository/commons-codec/commons-codec/1.9/commons-codec-1.9.jar
22:48:26.259 [main] INFO  org.bujo.core.JarvisCoreServer - Classpath /C:/Users/kazoar/.m2/repository/org/glassfish/jersey/core/jersey-client/2.24/jersey-client-2.24.jar
22:48:26.259 [main] INFO  org.bujo.core.JarvisCoreServer - Classpath /C:/Users/kazoar/.m2/repository/javax/ws/rs/javax.ws.rs-api/2.0.1/javax.ws.rs-api-2.0.1.jar
22:48:26.259 [main] INFO  org.bujo.core.JarvisCoreServer - Classpath /C:/Users/kazoar/.m2/repository/org/glassfish/jersey/core/jersey-common/2.24/jersey-common-2.24.jar
22:48:26.259 [main] INFO  org.bujo.core.JarvisCoreServer - Classpath /C:/Users/kazoar/.m2/repository/javax/annotation/javax.annotation-api/1.2/javax.annotation-api-1.2.jar
22:48:26.259 [main] INFO  org.bujo.core.JarvisCoreServer - Classpath /C:/Users/kazoar/.m2/repository/org/glassfish/jersey/bundles/repackaged/jersey-guava/2.24/jersey-guava-2.24.jar
22:48:26.259 [main] INFO  org.bujo.core.JarvisCoreServer - Classpath /C:/Users/kazoar/.m2/repository/org/glassfish/hk2/osgi-resource-locator/1.0.1/osgi-resource-locator-1.0.1.jar
22:48:26.259 [main] INFO  org.bujo.core.JarvisCoreServer - Classpath /C:/Users/kazoar/.m2/repository/org/glassfish/hk2/hk2-api/2.5.0-b05/hk2-api-2.5.0-b05.jar
22:48:26.260 [main] INFO  org.bujo.core.JarvisCoreServer - Classpath /C:/Users/kazoar/.m2/repository/org/glassfish/hk2/hk2-utils/2.5.0-b05/hk2-utils-2.5.0-b05.jar
22:48:26.260 [main] INFO  org.bujo.core.JarvisCoreServer - Classpath /C:/Users/kazoar/.m2/repository/org/glassfish/hk2/external/aopalliance-repackaged/2.5.0-b05/aopalliance-repackaged-2.5.0-b05.jar
22:48:26.260 [main] INFO  org.bujo.core.JarvisCoreServer - Classpath /C:/Users/kazoar/.m2/repository/org/glassfish/hk2/external/javax.inject/2.5.0-b05/javax.inject-2.5.0-b05.jar
22:48:26.260 [main] INFO  org.bujo.core.JarvisCoreServer - Classpath /C:/Users/kazoar/.m2/repository/org/glassfish/hk2/hk2-locator/2.5.0-b05/hk2-locator-2.5.0-b05.jar
22:48:26.260 [main] INFO  org.bujo.core.JarvisCoreServer - Classpath /Y:/neon/git/jarvis/jarvis-core/jarvis-common/target/classes/
22:48:26.260 [main] INFO  org.bujo.core.JarvisCoreServer - Classpath /Y:/neon/git/jarvis/jarvis-core/jarvis-core-model/target/classes/
22:48:26.260 [main] INFO  org.bujo.core.JarvisCoreServer - Classpath /C:/Users/kazoar/.m2/repository/joda-time/joda-time/2.9.1/joda-time-2.9.1.jar
22:48:26.260 [main] INFO  org.bujo.core.JarvisCoreServer - Classpath /C:/Users/kazoar/.m2/repository/org/springframework/spring-core/4.3.3.RELEASE/spring-core-4.3.3.RELEASE.jar
22:48:26.261 [main] INFO  org.bujo.core.JarvisCoreServer - Classpath /C:/Users/kazoar/.m2/repository/commons-logging/commons-logging/1.2/commons-logging-1.2.jar
22:48:26.261 [main] INFO  org.bujo.core.JarvisCoreServer - Classpath /Y:/neon/git/jarvis/jarvis-core/jarvis-bullet-journal-model/target/classes/
22:48:26.261 [main] INFO  org.bujo.core.JarvisCoreServer - Classpath /Y:/neon/git/jarvis/jarvis-core/jarvis-swagger-core/target/classes/
22:48:26.261 [main] INFO  org.bujo.core.JarvisCoreServer - Classpath /Y:/neon/git/jarvis/jarvis-core/jarvis-rest-api/target/classes/
22:48:26.261 [main] INFO  org.bujo.core.JarvisCoreServer - Classpath /Y:/neon/git/jarvis/jarvis-core/jarvis-core-neo4j-client/target/classes/
22:48:26.261 [main] INFO  org.bujo.core.JarvisCoreServer - Classpath /Y:/neon/git/jarvis/jarvis-core/jarvis-rest-api-zway/target/classes/
22:48:26.262 [main] INFO  org.bujo.core.JarvisCoreServer - Classpath /Y:/neon/git/jarvis/jarvis-core/jarvis-rest-api-slack/target/classes/
22:48:26.262 [main] INFO  org.bujo.core.JarvisCoreServer - Classpath /Y:/neon/git/jarvis/jarvis-core/jarvis-core-statistics/target/classes/
22:48:26.262 [main] INFO  org.bujo.core.JarvisCoreServer - Classpath /Y:/neon/git/jarvis/jarvis-core/jarvis-core-sun/target/classes/
22:48:26.262 [main] INFO  org.bujo.core.JarvisCoreServer - Classpath /C:/Users/kazoar/.m2/repository/net/sourceforge/plantuml/plantuml/8048/plantuml-8048.jar
22:48:26.262 [main] INFO  org.bujo.core.JarvisCoreServer - Classpath /C:/Users/kazoar/.m2/repository/org/springframework/spring-context/4.3.3.RELEASE/spring-context-4.3.3.RELEASE.jar
22:48:26.262 [main] INFO  org.bujo.core.JarvisCoreServer - Classpath /C:/Users/kazoar/.m2/repository/org/springframework/spring-aop/4.3.3.RELEASE/spring-aop-4.3.3.RELEASE.jar
22:48:26.263 [main] INFO  org.bujo.core.JarvisCoreServer - Classpath /C:/Users/kazoar/.m2/repository/org/springframework/spring-beans/4.3.3.RELEASE/spring-beans-4.3.3.RELEASE.jar
22:48:26.263 [main] INFO  org.bujo.core.JarvisCoreServer - Classpath /C:/Users/kazoar/.m2/repository/org/springframework/spring-expression/4.3.3.RELEASE/spring-expression-4.3.3.RELEASE.jar
22:48:26.263 [main] INFO  org.bujo.core.JarvisCoreServer - Classpath /C:/Users/kazoar/.m2/repository/org/codehaus/groovy/groovy-all/2.4.5/groovy-all-2.4.5.jar
22:48:26.263 [main] INFO  org.bujo.core.JarvisCoreServer - Classpath /C:/Users/kazoar/.m2/repository/org/codehaus/groovy/modules/http-builder/http-builder/0.7.1/http-builder-0.7.1.jar
22:48:26.263 [main] INFO  org.bujo.core.JarvisCoreServer - Classpath /C:/Users/kazoar/.m2/repository/net/sf/json-lib/json-lib/2.3/json-lib-2.3-jdk15.jar
22:48:26.263 [main] INFO  org.bujo.core.JarvisCoreServer - Classpath /C:/Users/kazoar/.m2/repository/commons-beanutils/commons-beanutils/1.8.0/commons-beanutils-1.8.0.jar
22:48:26.263 [main] INFO  org.bujo.core.JarvisCoreServer - Classpath /C:/Users/kazoar/.m2/repository/commons-collections/commons-collections/3.2.1/commons-collections-3.2.1.jar
22:48:26.264 [main] INFO  org.bujo.core.JarvisCoreServer - Classpath /C:/Users/kazoar/.m2/repository/commons-lang/commons-lang/2.6/commons-lang-2.6.jar
22:48:26.264 [main] INFO  org.bujo.core.JarvisCoreServer - Classpath /C:/Users/kazoar/.m2/repository/net/sf/ezmorph/ezmorph/1.0.6/ezmorph-1.0.6.jar
22:48:26.264 [main] INFO  org.bujo.core.JarvisCoreServer - Classpath /C:/Users/kazoar/.m2/repository/net/sourceforge/nekohtml/nekohtml/1.9.16/nekohtml-1.9.16.jar
22:48:26.264 [main] INFO  org.bujo.core.JarvisCoreServer - Classpath /C:/Users/kazoar/.m2/repository/xerces/xercesImpl/2.9.1/xercesImpl-2.9.1.jar
22:48:26.264 [main] INFO  org.bujo.core.JarvisCoreServer - Classpath /C:/Users/kazoar/.m2/repository/xml-apis/xml-apis/1.3.04/xml-apis-1.3.04.jar
22:48:26.264 [main] INFO  org.bujo.core.JarvisCoreServer - Classpath /C:/Users/kazoar/.m2/repository/xml-resolver/xml-resolver/1.2/xml-resolver-1.2.jar
22:48:26.264 [main] INFO  org.bujo.core.JarvisCoreServer - Classpath /C:/Users/kazoar/.m2/repository/org/springframework/spring-test/4.3.3.RELEASE/spring-test-4.3.3.RELEASE.jar
22:48:26.264 [main] INFO  org.bujo.core.JarvisCoreServer - Classpath /C:/Users/kazoar/.m2/repository/org/mockito/mockito-core/2.0.31-beta/mockito-core-2.0.31-beta.jar
22:48:26.265 [main] INFO  org.bujo.core.JarvisCoreServer - Classpath /C:/Users/kazoar/.m2/repository/net/bytebuddy/byte-buddy/0.6.14/byte-buddy-0.6.14.jar
22:48:26.265 [main] INFO  org.bujo.core.JarvisCoreServer - Classpath /C:/Users/kazoar/.m2/repository/org/objenesis/objenesis/2.1/objenesis-2.1.jar
22:48:26.266 [main] INFO  org.bujo.core.JarvisCoreServer - Classpath /C:/Users/kazoar/.m2/repository/io/swagger/swagger-core/1.5.10/swagger-core-1.5.10.jar
22:48:26.266 [main] INFO  org.bujo.core.JarvisCoreServer - Classpath /C:/Users/kazoar/.m2/repository/org/apache/commons/commons-lang3/3.3.2/commons-lang3-3.3.2.jar
22:48:26.266 [main] INFO  org.bujo.core.JarvisCoreServer - Classpath /C:/Users/kazoar/.m2/repository/com/fasterxml/jackson/dataformat/jackson-dataformat-yaml/2.4.5/jackson-dataformat-yaml-2.4.5.jar
22:48:26.266 [main] INFO  org.bujo.core.JarvisCoreServer - Classpath /C:/Users/kazoar/.m2/repository/io/swagger/swagger-models/1.5.10/swagger-models-1.5.10.jar
22:48:26.266 [main] INFO  org.bujo.core.JarvisCoreServer - Classpath /C:/Users/kazoar/.m2/repository/com/google/guava/guava/18.0/guava-18.0.jar
22:48:26.266 [main] INFO  org.bujo.core.JarvisCoreServer - Classpath /C:/Users/kazoar/.m2/repository/javax/validation/validation-api/1.1.0.Final/validation-api-1.1.0.Final.jar
22:48:26.267 [main] INFO  org.bujo.core.JarvisCoreServer - Classpath /C:/Users/kazoar/.m2/repository/io/swagger/swagger-annotations/1.5.10/swagger-annotations-1.5.10.jar
22:48:26.267 [main] INFO  org.bujo.core.JarvisCoreServer - Classpath /C:/Users/kazoar/.m2/repository/io/swagger/swagger-jaxrs/1.5.10/swagger-jaxrs-1.5.10.jar
22:48:26.267 [main] INFO  org.bujo.core.JarvisCoreServer - Classpath /C:/Users/kazoar/.m2/repository/com/fasterxml/jackson/dataformat/jackson-dataformat-xml/2.4.5/jackson-dataformat-xml-2.4.5.jar
22:48:26.267 [main] INFO  org.bujo.core.JarvisCoreServer - Classpath /C:/Users/kazoar/.m2/repository/com/fasterxml/jackson/module/jackson-module-jaxb-annotations/2.4.5/jackson-module-jaxb-annotations-2.4.5.jar
22:48:26.267 [main] INFO  org.bujo.core.JarvisCoreServer - Classpath /C:/Users/kazoar/.m2/repository/org/codehaus/woodstox/stax2-api/3.1.4/stax2-api-3.1.4.jar
22:48:26.267 [main] INFO  org.bujo.core.JarvisCoreServer - Classpath /C:/Users/kazoar/.m2/repository/com/fasterxml/jackson/jaxrs/jackson-jaxrs-json-provider/2.4.5/jackson-jaxrs-json-provider-2.4.5.jar
22:48:26.267 [main] INFO  org.bujo.core.JarvisCoreServer - Classpath /C:/Users/kazoar/.m2/repository/com/fasterxml/jackson/jaxrs/jackson-jaxrs-base/2.4.5/jackson-jaxrs-base-2.4.5.jar
22:48:26.269 [main] INFO  org.bujo.core.JarvisCoreServer - Classpath /C:/Users/kazoar/.m2/repository/org/reflections/reflections/0.9.10/reflections-0.9.10.jar
22:48:26.269 [main] INFO  org.bujo.core.JarvisCoreServer - Classpath /C:/Users/kazoar/.m2/repository/com/google/code/findbugs/annotations/2.0.1/annotations-2.0.1.jar
22:48:26.269 [main] INFO  org.bujo.core.JarvisCoreServer - Classpath /C:/Users/kazoar/.m2/repository/org/hibernate/hibernate-validator/5.2.2.Final/hibernate-validator-5.2.2.Final.jar
22:48:26.269 [main] INFO  org.bujo.core.JarvisCoreServer - Classpath /C:/Users/kazoar/.m2/repository/org/jboss/logging/jboss-logging/3.2.1.Final/jboss-logging-3.2.1.Final.jar
22:48:26.269 [main] INFO  org.bujo.core.JarvisCoreServer - Classpath /C:/Users/kazoar/.m2/repository/com/fasterxml/classmate/1.1.0/classmate-1.1.0.jar
22:48:26.269 [main] INFO  org.bujo.core.JarvisCoreServer - Classpath /C:/Users/kazoar/.m2/repository/com/fasterxml/jackson/core/jackson-annotations/2.8.4/jackson-annotations-2.8.4.jar
22:48:26.270 [main] INFO  org.bujo.core.JarvisCoreServer - Classpath /Y:/neon/git/jarvis/jarvis-core/jarvis-swagger-ui/target/classes/
22:48:26.270 [main] INFO  org.bujo.core.JarvisCoreServer - Classpath /C:/Users/kazoar/.m2/repository/org/pac4j/spark-pac4j/1.1.0/spark-pac4j-1.1.0.jar
22:48:26.270 [main] INFO  org.bujo.core.JarvisCoreServer - Classpath /C:/Users/kazoar/.m2/repository/org/pac4j/pac4j-core/1.8.3/pac4j-core-1.8.3.jar
22:48:26.270 [main] INFO  org.bujo.core.JarvisCoreServer - Classpath /C:/Users/kazoar/.m2/repository/us/monoid/web/resty/0.3.2/resty-0.3.2.jar
22:48:26.270 [main] INFO  org.bujo.core.JarvisCoreServer - Classpath /C:/Users/kazoar/.m2/repository/net/java/dev/javacc/javacc/4.1/javacc-4.1.jar
22:48:26.270 [main] INFO  org.bujo.core.JarvisCoreServer - Classpath /C:/Users/kazoar/.m2/repository/com/fasterxml/jackson/core/jackson-core/2.8.4/jackson-core-2.8.4.jar
22:48:26.271 [main] INFO  org.bujo.core.JarvisCoreServer - Classpath /C:/Users/kazoar/.m2/repository/com/fasterxml/jackson/core/jackson-databind/2.8.4/jackson-databind-2.8.4.jar
22:48:26.271 [main] INFO  org.bujo.core.JarvisCoreServer - Classpath /C:/Users/kazoar/.m2/repository/org/springframework/boot/spring-boot-starter/1.4.2.RELEASE/spring-boot-starter-1.4.2.RELEASE.jar
22:48:26.271 [main] INFO  org.bujo.core.JarvisCoreServer - Classpath /C:/Users/kazoar/.m2/repository/org/springframework/boot/spring-boot/1.4.2.RELEASE/spring-boot-1.4.2.RELEASE.jar
22:48:26.271 [main] INFO  org.bujo.core.JarvisCoreServer - Classpath /C:/Users/kazoar/.m2/repository/org/springframework/boot/spring-boot-autoconfigure/1.4.2.RELEASE/spring-boot-autoconfigure-1.4.2.RELEASE.jar
22:48:26.271 [main] INFO  org.bujo.core.JarvisCoreServer - Classpath /C:/Users/kazoar/.m2/repository/org/yaml/snakeyaml/1.17/snakeyaml-1.17.jar
22:48:26.271 [main] INFO  org.bujo.core.JarvisCoreServer - Classpath /C:/Users/kazoar/.m2/repository/org/springframework/boot/spring-boot-starter-log4j2/1.4.2.RELEASE/spring-boot-starter-log4j2-1.4.2.RELEASE.jar
22:48:26.271 [main] INFO  org.bujo.core.JarvisCoreServer - Classpath /C:/Users/kazoar/.m2/repository/org/apache/logging/log4j/log4j-api/2.5/log4j-api-2.5.jar
22:48:26.272 [main] INFO  org.bujo.core.JarvisCoreServer - Classpath /C:/Users/kazoar/.m2/repository/com/fasterxml/jackson/datatype/jackson-datatype-joda/2.8.4/jackson-datatype-joda-2.8.4.jar
22:48:26.272 [main] INFO  org.bujo.core.JarvisCoreServer - Classpath /C:/Users/kazoar/.m2/repository/org/slf4j/slf4j-api/1.7.21/slf4j-api-1.7.21.jar
22:48:26.272 [main] INFO  org.bujo.core.JarvisCoreServer - Classpath /C:/Users/kazoar/.m2/repository/org/slf4j/jul-to-slf4j/1.7.21/jul-to-slf4j-1.7.21.jar
22:48:26.272 [main] INFO  org.bujo.core.JarvisCoreServer - Classpath /C:/Users/kazoar/.m2/repository/org/slf4j/jcl-over-slf4j/1.7.21/jcl-over-slf4j-1.7.21.jar
22:48:26.273 [main] INFO  org.bujo.core.JarvisCoreServer - Classpath /C:/Users/kazoar/.m2/repository/org/apache/logging/log4j/log4j-slf4j-impl/2.5/log4j-slf4j-impl-2.5.jar
22:48:26.273 [main] INFO  org.bujo.core.JarvisCoreServer - Classpath /C:/Users/kazoar/.m2/repository/org/apache/logging/log4j/log4j-core/2.5/log4j-core-2.5.jar
22:48:26.273 [main] INFO  org.bujo.core.JarvisCoreServer - Classpath /C:/Users/kazoar/.m2/repository/org/apache/logging/log4j/log4j-nosql/2.5/log4j-nosql-2.5.jar
22:48:26.273 [main] INFO  org.bujo.core.JarvisCoreServer - Classpath /C:/Users/kazoar/.m2/repository/org/mongodb/mongo-java-driver/3.4.1/mongo-java-driver-3.4.1.jar
22:48:26.273 [main] INFO  org.bujo.core.JarvisCoreServer - Classpath /C:/Users/kazoar/.m2/repository/com/sparkjava/spark-core/2.5.2/spark-core-2.5.2.jar
22:48:26.274 [main] INFO  org.bujo.core.JarvisCoreServer - Classpath /C:/Users/kazoar/.m2/repository/org/eclipse/jetty/jetty-server/9.3.6.v20151106/jetty-server-9.3.6.v20151106.jar
22:48:26.274 [main] INFO  org.bujo.core.JarvisCoreServer - Classpath /C:/Users/kazoar/.m2/repository/javax/servlet/javax.servlet-api/3.1.0/javax.servlet-api-3.1.0.jar
22:48:26.274 [main] INFO  org.bujo.core.JarvisCoreServer - Classpath /C:/Users/kazoar/.m2/repository/org/eclipse/jetty/jetty-http/9.3.6.v20151106/jetty-http-9.3.6.v20151106.jar
22:48:26.274 [main] INFO  org.bujo.core.JarvisCoreServer - Classpath /C:/Users/kazoar/.m2/repository/org/eclipse/jetty/jetty-util/9.3.6.v20151106/jetty-util-9.3.6.v20151106.jar
22:48:26.274 [main] INFO  org.bujo.core.JarvisCoreServer - Classpath /C:/Users/kazoar/.m2/repository/org/eclipse/jetty/jetty-io/9.3.6.v20151106/jetty-io-9.3.6.v20151106.jar
22:48:26.274 [main] INFO  org.bujo.core.JarvisCoreServer - Classpath /C:/Users/kazoar/.m2/repository/org/eclipse/jetty/jetty-webapp/9.3.6.v20151106/jetty-webapp-9.3.6.v20151106.jar
22:48:26.275 [main] INFO  org.bujo.core.JarvisCoreServer - Classpath /C:/Users/kazoar/.m2/repository/org/eclipse/jetty/jetty-xml/9.3.6.v20151106/jetty-xml-9.3.6.v20151106.jar
22:48:26.275 [main] INFO  org.bujo.core.JarvisCoreServer - Classpath /C:/Users/kazoar/.m2/repository/org/eclipse/jetty/jetty-servlet/9.3.6.v20151106/jetty-servlet-9.3.6.v20151106.jar
22:48:26.275 [main] INFO  org.bujo.core.JarvisCoreServer - Classpath /C:/Users/kazoar/.m2/repository/org/eclipse/jetty/jetty-security/9.3.6.v20151106/jetty-security-9.3.6.v20151106.jar
22:48:26.275 [main] INFO  org.bujo.core.JarvisCoreServer - Classpath /C:/Users/kazoar/.m2/repository/org/eclipse/jetty/websocket/websocket-server/9.3.6.v20151106/websocket-server-9.3.6.v20151106.jar
22:48:26.275 [main] INFO  org.bujo.core.JarvisCoreServer - Classpath /C:/Users/kazoar/.m2/repository/org/eclipse/jetty/websocket/websocket-common/9.3.6.v20151106/websocket-common-9.3.6.v20151106.jar
22:48:26.275 [main] INFO  org.bujo.core.JarvisCoreServer - Classpath /C:/Users/kazoar/.m2/repository/org/eclipse/jetty/websocket/websocket-client/9.3.6.v20151106/websocket-client-9.3.6.v20151106.jar
22:48:26.276 [main] INFO  org.bujo.core.JarvisCoreServer - Classpath /C:/Users/kazoar/.m2/repository/org/eclipse/jetty/websocket/websocket-servlet/9.3.6.v20151106/websocket-servlet-9.3.6.v20151106.jar
22:48:26.276 [main] INFO  org.bujo.core.JarvisCoreServer - Classpath /C:/Users/kazoar/.m2/repository/org/eclipse/jetty/websocket/websocket-api/9.3.6.v20151106/websocket-api-9.3.6.v20151106.jar
22:48:26.276 [main] INFO  org.bujo.core.JarvisCoreServer - Classpath /C:/Users/kazoar/.m2/repository/ma/glasnost/orika/orika-core/1.4.6/orika-core-1.4.6.jar
22:48:26.276 [main] INFO  org.bujo.core.JarvisCoreServer - Classpath /C:/Users/kazoar/.m2/repository/org/javassist/javassist/3.19.0-GA/javassist-3.19.0-GA.jar
22:48:26.276 [main] INFO  org.bujo.core.JarvisCoreServer - Classpath /C:/Users/kazoar/.m2/repository/com/thoughtworks/paranamer/paranamer/2.7/paranamer-2.7.jar
22:48:26.276 [main] INFO  org.bujo.core.JarvisCoreServer - Classpath /C:/Users/kazoar/.m2/repository/com/googlecode/concurrentlinkedhashmap/concurrentlinkedhashmap-lru/1.2_jdk5/concurrentlinkedhashmap-lru-1.2_jdk5.jar
22:48:26.276 [main] INFO  org.bujo.core.JarvisCoreServer - Classpath /C:/Users/kazoar/.m2/repository/com/carrotsearch/java-sizeof/0.0.4/java-sizeof-0.0.4.jar
22:48:27.256 [background-preinit] INFO  org.hibernate.validator.internal.util.Version - HV000001: Hibernate Validator 5.2.2.Final
22:48:27.459 [main] INFO  org.bujo.core.JarvisCoreServer - Starting JarvisCoreServer on kazoar-PC with PID 6092 (Y:\neon\git\jarvis\jarvis-core\jarvis-bullet-journal\target\classes started by kazoar in Y:\neon\git\jarvis\jarvis-core\jarvis-bullet-journal)
22:48:27.461 [main] INFO  org.bujo.core.JarvisCoreServer - No active profile set, falling back to default profiles: default
22:48:28.092 [main] INFO  org.springframework.context.annotation.AnnotationConfigApplicationContext - Refreshing org.springframework.context.annotation.AnnotationConfigApplicationContext@58e1d9d: startup date [Sat Jan 21 22:48:28 CET 2017]; root of context hierarchy
22:48:29.995 [main] INFO  org.springframework.beans.factory.annotation.AutowiredAnnotationBeanPostProcessor - JSR-330 'javax.inject.Inject' annotation found and supported for autowiring
22:48:30.494 [main] WARN  org.springframework.context.annotation.AnnotationConfigApplicationContext - Exception encountered during context initialization - cancelling refresh attempt: org.springframework.beans.factory.UnsatisfiedDependencyException: Error creating bean with name 'apiEntryResources': Unsatisfied dependency expressed through field 'coreStatistics'; nested exception is org.springframework.beans.factory.NoSuchBeanDefinitionException: No qualifying bean found for dependency [org.jarvis.core.services.CoreStatistics]: expected at least 1 bean which qualifies as autowire candidate. Dependency annotations: {@org.springframework.beans.factory.annotation.Autowired(required=true)}
22:48:30.508 [main] INFO  org.springframework.boot.autoconfigure.logging.AutoConfigurationReportLoggingInitializer - 

Error starting ApplicationContext. To display the auto-configuration report re-run your application with 'debug' enabled.
22:48:30.520 [main] ERROR org.springframework.boot.SpringApplication - Application startup failed
org.springframework.beans.factory.UnsatisfiedDependencyException: Error creating bean with name 'apiEntryResources': Unsatisfied dependency expressed through field 'coreStatistics'; nested exception is org.springframework.beans.factory.NoSuchBeanDefinitionException: No qualifying bean found for dependency [org.jarvis.core.services.CoreStatistics]: expected at least 1 bean which qualifies as autowire candidate. Dependency annotations: {@org.springframework.beans.factory.annotation.Autowired(required=true)}
	at org.springframework.beans.factory.annotation.AutowiredAnnotationBeanPostProcessor$AutowiredFieldElement.inject(AutowiredAnnotationBeanPostProcessor.java:569) ~[spring-beans-4.3.3.RELEASE.jar:4.3.3.RELEASE]
	at org.springframework.beans.factory.annotation.InjectionMetadata.inject(InjectionMetadata.java:88) ~[spring-beans-4.3.3.RELEASE.jar:4.3.3.RELEASE]
	at org.springframework.beans.factory.annotation.AutowiredAnnotationBeanPostProcessor.postProcessPropertyValues(AutowiredAnnotationBeanPostProcessor.java:349) ~[spring-beans-4.3.3.RELEASE.jar:4.3.3.RELEASE]
	at org.springframework.beans.factory.support.AbstractAutowireCapableBeanFactory.populateBean(AbstractAutowireCapableBeanFactory.java:1219) ~[spring-beans-4.3.3.RELEASE.jar:4.3.3.RELEASE]
	at org.springframework.beans.factory.support.AbstractAutowireCapableBeanFactory.doCreateBean(AbstractAutowireCapableBeanFactory.java:543) ~[spring-beans-4.3.3.RELEASE.jar:4.3.3.RELEASE]
	at org.springframework.beans.factory.support.AbstractAutowireCapableBeanFactory.createBean(AbstractAutowireCapableBeanFactory.java:482) ~[spring-beans-4.3.3.RELEASE.jar:4.3.3.RELEASE]
	at org.springframework.beans.factory.support.AbstractBeanFactory$1.getObject(AbstractBeanFactory.java:306) ~[spring-beans-4.3.3.RELEASE.jar:4.3.3.RELEASE]
	at org.springframework.beans.factory.support.DefaultSingletonBeanRegistry.getSingleton(DefaultSingletonBeanRegistry.java:230) ~[spring-beans-4.3.3.RELEASE.jar:4.3.3.RELEASE]
	at org.springframework.beans.factory.support.AbstractBeanFactory.doGetBean(AbstractBeanFactory.java:302) ~[spring-beans-4.3.3.RELEASE.jar:4.3.3.RELEASE]
	at org.springframework.beans.factory.support.AbstractBeanFactory.getBean(AbstractBeanFactory.java:197) ~[spring-beans-4.3.3.RELEASE.jar:4.3.3.RELEASE]
	at org.springframework.beans.factory.support.DefaultListableBeanFactory.preInstantiateSingletons(DefaultListableBeanFactory.java:751) ~[spring-beans-4.3.3.RELEASE.jar:4.3.3.RELEASE]
	at org.springframework.context.support.AbstractApplicationContext.finishBeanFactoryInitialization(AbstractApplicationContext.java:861) ~[spring-context-4.3.3.RELEASE.jar:4.3.3.RELEASE]
	at org.springframework.context.support.AbstractApplicationContext.refresh(AbstractApplicationContext.java:541) ~[spring-context-4.3.3.RELEASE.jar:4.3.3.RELEASE]
	at org.springframework.boot.SpringApplication.refresh(SpringApplication.java:761) [spring-boot-1.4.2.RELEASE.jar:1.4.2.RELEASE]
	at org.springframework.boot.SpringApplication.refreshContext(SpringApplication.java:371) [spring-boot-1.4.2.RELEASE.jar:1.4.2.RELEASE]
	at org.springframework.boot.SpringApplication.run(SpringApplication.java:315) [spring-boot-1.4.2.RELEASE.jar:1.4.2.RELEASE]
	at org.springframework.boot.SpringApplication.run(SpringApplication.java:1186) [spring-boot-1.4.2.RELEASE.jar:1.4.2.RELEASE]
	at org.springframework.boot.SpringApplication.run(SpringApplication.java:1175) [spring-boot-1.4.2.RELEASE.jar:1.4.2.RELEASE]
	at org.bujo.core.JarvisCoreServer.main(JarvisCoreServer.java:62) [classes/:?]
Caused by: org.springframework.beans.factory.NoSuchBeanDefinitionException: No qualifying bean found for dependency [org.jarvis.core.services.CoreStatistics]: expected at least 1 bean which qualifies as autowire candidate. Dependency annotations: {@org.springframework.beans.factory.annotation.Autowired(required=true)}
	at org.springframework.beans.factory.support.DefaultListableBeanFactory.raiseNoMatchingBeanFound(DefaultListableBeanFactory.java:1463) ~[spring-beans-4.3.3.RELEASE.jar:4.3.3.RELEASE]
	at org.springframework.beans.factory.support.DefaultListableBeanFactory.doResolveDependency(DefaultListableBeanFactory.java:1094) ~[spring-beans-4.3.3.RELEASE.jar:4.3.3.RELEASE]
	at org.springframework.beans.factory.support.DefaultListableBeanFactory.resolveDependency(DefaultListableBeanFactory.java:1056) ~[spring-beans-4.3.3.RELEASE.jar:4.3.3.RELEASE]
	at org.springframework.beans.factory.annotation.AutowiredAnnotationBeanPostProcessor$AutowiredFieldElement.inject(AutowiredAnnotationBeanPostProcessor.java:566) ~[spring-beans-4.3.3.RELEASE.jar:4.3.3.RELEASE]
	... 18 more
